<?xml version="1.0" encoding="UTF-8"?>
<testsuite name="LoginTests"
           tests="4"
           failures="0"
           errors="0"
           skipped="0"
           time="8.120">
  <properties />
  
  
            <testcase name="searchTheDeletedUserAndVerifyTheMessageNoRecordFound" time="1.799" classname="com.orangehrmlive.demo.testsuite.UsersTest" />
                <testcase name="adminShouldAddUserSuccessfully" time="2.397" classname="com.orangehrmlive.demo.testsuite.UsersTest" />
                <testcase name="verifyThatAdminShouldDeleteTheUserSuccessFully" time="2.104" classname="com.orangehrmlive.demo.testsuite.UsersTest" />
                <testcase name="searchTheUserCreatedAndVerifyIt" time="1.820" classname="com.orangehrmlive.demo.testsuite.UsersTest" />
      
</testsuite>
