<?xml version="1.0" encoding="UTF-8"?>
<testsuite name="LoginTests"
           tests="3"
           failures="0"
           errors="0"
           skipped="0"
           time="0.132">
  <properties />
  
  
            <testcase name="verifyUserShouldLoginSuccessFully" time="0.049" classname="com.orangehrmlive.demo.testsuite.LoginTest" />
                <testcase name="verifyUserShouldLogOutSuccessFully" time="0.000" classname="com.orangehrmlive.demo.testsuite.LoginTest" />
                <testcase name="verifyThatTheLogoDisplayOnHomePage" time="0.083" classname="com.orangehrmlive.demo.testsuite.LoginTest" />
      
</testsuite>
